<?xml version="1.0" encoding="UTF-8"?>
<testng-results ignored="0" total="1" passed="0" failed="1" skipped="0">
  <reporter-output>
  </reporter-output>
  <suite started-at="2025-08-23T12:47:18 IST" name="User Suite" finished-at="2025-08-23T12:47:18 IST" duration-ms="72">
    <groups>
      <group name="Sanity">
        <method signature="lab19august_AddtoCart.cart(java.lang.String)[pri:0, instance:com.wipro.testng.lab19august_AddtoCart@1a6d8329]" name="cart" class="com.wipro.testng.lab19august_AddtoCart"/>
      </group> <!-- Sanity -->
      <group name="Regression">
        <method signature="lab19august_AddtoCart.cart(java.lang.String)[pri:0, instance:com.wipro.testng.lab19august_AddtoCart@1a6d8329]" name="cart" class="com.wipro.testng.lab19august_AddtoCart"/>
      </group> <!-- Regression -->
    </groups>
    <test started-at="2025-08-23T12:47:18 IST" name="Sanity and Smoke Tests" finished-at="2025-08-23T12:47:18 IST" duration-ms="72">
      <class name="com.wipro.testng.lab19august_AddtoCart">
        <test-method is-config="true" signature="beforesuite()[pri:0, instance:com.wipro.testng.lab19august_AddtoCart@1a6d8329]" started-at="2025-08-23T12:47:18 IST" name="beforesuite" finished-at="2025-08-23T12:47:18 IST" duration-ms="18" status="PASS">
          <reporter-output>
          </reporter-output>
        </test-method> <!-- beforesuite -->
        <test-method is-config="true" signature="beforetest()[pri:0, instance:com.wipro.testng.lab19august_AddtoCart@1a6d8329]" started-at="2025-08-23T12:47:18 IST" name="beforetest" finished-at="2025-08-23T12:47:18 IST" duration-ms="1" status="PASS">
          <reporter-output>
          </reporter-output>
        </test-method> <!-- beforetest -->
        <test-method is-config="true" signature="beforeclass()[pri:0, instance:com.wipro.testng.lab19august_AddtoCart@1a6d8329]" started-at="2025-08-23T12:47:18 IST" name="beforeclass" finished-at="2025-08-23T12:47:18 IST" duration-ms="1" status="PASS">
          <reporter-output>
          </reporter-output>
        </test-method> <!-- beforeclass -->
        <test-method signature="cart(java.lang.String)[pri:0, instance:com.wipro.testng.lab19august_AddtoCart@1a6d8329]" started-at="2025-08-23T12:47:18 IST" name="cart" finished-at="2025-08-23T12:47:18 IST" duration-ms="0" status="FAIL">
          <exception class="org.testng.TestNGException">
            <message>
              <![CDATA[
Parameter 'Cart' is required by @Test on method cart but has not been marked @Optional or defined
in C:\Users\Supraja\eclipse-workspace\Selenium\testng.xml]]>
            </message>
            <full-stacktrace>
              <![CDATA[org.testng.TestNGException: 
Parameter 'Cart' is required by @Test on method cart but has not been marked @Optional or defined
in C:\Users\Supraja\eclipse-workspace\Selenium\testng.xml
at org.testng.internal.Parameters.createParams(Parameters.java:264)
at org.testng.internal.Parameters.createParametersForMethod(Parameters.java:352)
at org.testng.internal.Parameters.createParameters(Parameters.java:690)
at org.testng.internal.Parameters.handleParameters(Parameters.java:885)
at org.testng.internal.Parameters.handleParameters(Parameters.java:734)
at org.testng.internal.invokers.ParameterHandler.handleParameters(ParameterHandler.java:72)
at org.testng.internal.invokers.ParameterHandler.createParameters(ParameterHandler.java:51)
at org.testng.internal.invokers.TestInvoker$MethodInvocationAgent.invoke(TestInvoker.java:946)
at org.testng.internal.invokers.TestInvoker.invokeTestMethods(TestInvoker.java:203)
at org.testng.internal.invokers.TestMethodWorker.invokeTestMethods(TestMethodWorker.java:154)
at org.testng.internal.invokers.TestMethodWorker.run(TestMethodWorker.java:134)
at java.base/java.util.ArrayList.forEach(ArrayList.java:1511)
at org.testng.TestRunner.privateRun(TestRunner.java:739)
at org.testng.TestRunner.run(TestRunner.java:614)
at org.testng.SuiteRunner.runTest(SuiteRunner.java:421)
at org.testng.SuiteRunner.runSequentially(SuiteRunner.java:413)
at org.testng.SuiteRunner.privateRun(SuiteRunner.java:373)
at org.testng.SuiteRunner.run(SuiteRunner.java:312)
at org.testng.SuiteRunnerWorker.runSuite(SuiteRunnerWorker.java:52)
at org.testng.SuiteRunnerWorker.run(SuiteRunnerWorker.java:95)
at org.testng.TestNG.runSuitesSequentially(TestNG.java:1274)
at org.testng.TestNG.runSuitesLocally(TestNG.java:1208)
at org.testng.TestNG.runSuites(TestNG.java:1112)
at org.testng.TestNG.run(TestNG.java:1079)
at org.apache.maven.surefire.testng.TestNGExecutor.run(TestNGExecutor.java:308)
at org.apache.maven.surefire.testng.TestNGXmlTestSuite.execute(TestNGXmlTestSuite.java:71)
at org.apache.maven.surefire.testng.TestNGProvider.invoke(TestNGProvider.java:113)
at org.apache.maven.surefire.booter.ForkedBooter.runSuitesInProcess(ForkedBooter.java:385)
at org.apache.maven.surefire.booter.ForkedBooter.execute(ForkedBooter.java:162)
at org.apache.maven.surefire.booter.ForkedBooter.run(ForkedBooter.java:507)
at org.apache.maven.surefire.booter.ForkedBooter.main(ForkedBooter.java:495)
]]>
            </full-stacktrace>
          </exception> <!-- org.testng.TestNGException -->
          <reporter-output>
          </reporter-output>
        </test-method> <!-- cart -->
        <test-method is-config="true" signature="afterclass()[pri:0, instance:com.wipro.testng.lab19august_AddtoCart@1a6d8329]" started-at="2025-08-23T12:47:18 IST" name="afterclass" finished-at="2025-08-23T12:47:18 IST" duration-ms="1" status="PASS">
          <reporter-output>
          </reporter-output>
        </test-method> <!-- afterclass -->
        <test-method is-config="true" signature="aftertest()[pri:0, instance:com.wipro.testng.lab19august_AddtoCart@1a6d8329]" started-at="2025-08-23T12:47:18 IST" name="aftertest" finished-at="2025-08-23T12:47:18 IST" duration-ms="1" status="PASS">
          <reporter-output>
          </reporter-output>
        </test-method> <!-- aftertest -->
        <test-method is-config="true" signature="aftersuite()[pri:0, instance:com.wipro.testng.lab19august_AddtoCart@1a6d8329]" started-at="2025-08-23T12:47:18 IST" name="aftersuite" finished-at="2025-08-23T12:47:18 IST" duration-ms="1" status="PASS">
          <reporter-output>
          </reporter-output>
        </test-method> <!-- aftersuite -->
      </class> <!-- com.wipro.testng.lab19august_AddtoCart -->
    </test> <!-- Sanity and Smoke Tests -->
  </suite> <!-- User Suite -->
</testng-results>
